<?xml version="1.0" encoding="UTF-8"?>
<!-- Generated by org.testng.reporters.JUnitReportReporter -->
<testsuite skipped="0" hostname="MENDES" name="testcasesyoutube.TestSearch" tests="1" failures="0" timestamp="27 Jan 2018 02:50:31 GMT" time="21.955" errors="1">
  <testcase name="testSearch" time="21.955" classname="testcasesyoutube.TestSearch">
    <error type="java.io.FileNotFoundException" message="C:\Users\alistair\IdeaProjects\OrgProjectTeam1\YoutubeC:\Users\alistair\IdeaProjects\OrgProjectTeam1\Youtube\data\SearchItems.xlsx (The filename, directory name, or volume label syntax is incorrect)">
      <![CDATA[java.io.FileNotFoundException: C:\Users\alistair\IdeaProjects\OrgProjectTeam1\YoutubeC:\Users\alistair\IdeaProjects\OrgProjectTeam1\Youtube\data\SearchItems.xlsx (The filename, directory name, or volume label syntax is incorrect)at java.io.FileInputStream.open0(Native Method)at java.io.FileInputStream.open(FileInputStream.java:195)at java.io.FileInputStream.<init>(FileInputStream.java:138)at util.DataReader.colReader(DataReader.java:96)at search.ItemsToBeSearched.getDataFromExcelFile(ItemsToBeSearched.java:14)at search.SearchClass.searching(SearchClass.java:30)at testcasesyoutube.TestSearch.testSearch(TestSearch.java:17)at sun.reflect.NativeMethodAccessorImpl.invoke0(Native Method)at sun.reflect.NativeMethodAccessorImpl.invoke(NativeMethodAccessorImpl.java:62)at sun.reflect.DelegatingMethodAccessorImpl.invoke(DelegatingMethodAccessorImpl.java:43)at java.lang.reflect.Method.invoke(Method.java:497)at org.testng.internal.MethodInvocationHelper.invokeMethod(MethodInvocationHelper.java:124)at org.testng.internal.Invoker.invokeMethod(Invoker.java:571)at org.testng.internal.Invoker.invokeTestMethod(Invoker.java:707)at org.testng.internal.Invoker.invokeTestMethods(Invoker.java:979)at org.testng.internal.TestMethodWorker.invokeTestMethods(TestMethodWorker.java:125)at org.testng.internal.TestMethodWorker.run(TestMethodWorker.java:109)at org.testng.TestRunner.privateRun(TestRunner.java:648)at org.testng.TestRunner.run(TestRunner.java:505)at org.testng.SuiteRunner.runTest(SuiteRunner.java:455)at org.testng.SuiteRunner.runSequentially(SuiteRunner.java:450)at org.testng.SuiteRunner.privateRun(SuiteRunner.java:415)at org.testng.SuiteRunner.run(SuiteRunner.java:364)at org.testng.SuiteRunnerWorker.runSuite(SuiteRunnerWorker.java:52)at org.testng.SuiteRunnerWorker.run(SuiteRunnerWorker.java:84)at org.testng.TestNG.runSuitesSequentially(TestNG.java:1187)at org.testng.TestNG.runSuitesLocally(TestNG.java:1116)at org.testng.TestNG.runSuites(TestNG.java:1028)at org.testng.TestNG.run(TestNG.java:996)at org.apache.maven.surefire.testng.TestNGExecutor.run(TestNGExecutor.java:283)at org.apache.maven.surefire.testng.TestNGXmlTestSuite.execute(TestNGXmlTestSuite.java:75)at org.apache.maven.surefire.testng.TestNGProvider.invoke(TestNGProvider.java:120)at org.apache.maven.surefire.booter.ForkedBooter.invokeProviderInSameClassLoader(ForkedBooter.java:373)at org.apache.maven.surefire.booter.ForkedBooter.runSuitesInProcess(ForkedBooter.java:334)at org.apache.maven.surefire.booter.ForkedBooter.execute(ForkedBooter.java:119)at org.apache.maven.surefire.booter.ForkedBooter.main(ForkedBooter.java:407)]]>
    </error>
  </testcase> <!-- testSearch -->
</testsuite> <!-- testcasesyoutube.TestSearch -->
